[2026-03-18 16:21:03] INFO: Starting Flye 2.9.6-b1802
[2026-03-18 16:21:03] INFO: >>>STAGE: configure
[2026-03-18 16:21:03] INFO: Configuring run
[2026-03-18 16:21:04] INFO: Total read length: 52927180
[2026-03-18 16:21:04] INFO: Input genome size: 50000
[2026-03-18 16:21:04] INFO: Estimated coverage: 1058
[2026-03-18 16:21:04] WARNING: Expected read coverage is 1058, the assembly is not guaranteed to be optimal in this setting. Are you sure that the genome size was entered correctly?
[2026-03-18 16:21:04] INFO: Reads N50/N90: 505 / 254
[2026-03-18 16:21:04] INFO: Minimum overlap set to 1000
[2026-03-18 16:21:04] INFO: >>>STAGE: assembly
[2026-03-18 16:21:04] INFO: Assembling disjointigs
[2026-03-18 16:21:04] INFO: Reading sequences
[2026-03-18 16:21:06] INFO: Building minimizer index
[2026-03-18 16:21:06] INFO: Pre-calculating index storage
0% 10% 20% 30% 40% 50% 60% 70% 80% 90% 100% 
[2026-03-18 16:21:06] INFO: Filling index
0% 10% 20% 30% 40% 50% 60% 70% 80% 90% 100% 
[2026-03-18 16:21:07] INFO: Extending reads
[2026-03-18 16:21:14] INFO: Overlap-based coverage: 35
[2026-03-18 16:21:14] INFO: Median overlap divergence: 0.0745891
0% 50% 100% 
[2026-03-18 16:21:16] INFO: Assembled 2 disjointigs
[2026-03-18 16:21:16] INFO: Generating sequence
0% 10% 20% 30% 40% 50% 60% 70% 80% 90% 100% 
[2026-03-18 16:21:16] INFO: Filtering contained disjointigs
0% 50% 100% 
[2026-03-18 16:21:16] INFO: Contained seqs: 0
[2026-03-18 16:21:16] INFO: >>>STAGE: consensus
[2026-03-18 16:21:16] INFO: Running Minimap2
[2026-03-18 16:21:30] INFO: Computing consensus
[2026-03-18 16:22:07] INFO: Alignment error rate: 0.102191
[2026-03-18 16:22:07] INFO: >>>STAGE: repeat
[2026-03-18 16:22:07] INFO: Building and resolving repeat graph
[2026-03-18 16:22:07] INFO: Parsing disjointigs
[2026-03-18 16:22:07] INFO: Building repeat graph
0% 50% 100% 
[2026-03-18 16:22:07] INFO: Median overlap divergence: 0.0977502
[2026-03-18 16:22:07] INFO: Parsing reads
[2026-03-18 16:22:08] INFO: Aligning reads to the graph
0% 10% 20% 30% 40% 50% 60% 70% 80% 90% 100% 
[2026-03-18 16:22:09] INFO: Aligned read sequence: 5149694 / 8057872 (0.639089)
[2026-03-18 16:22:09] INFO: Median overlap divergence: 0.04
[2026-03-18 16:22:09] INFO: Mean edge coverage: 52
[2026-03-18 16:22:09] INFO: Simplifying the graph
[2026-03-18 16:22:09] INFO: >>>STAGE: contigger
[2026-03-18 16:22:09] INFO: Generating contigs
[2026-03-18 16:22:09] INFO: Reading sequences
[2026-03-18 16:22:10] INFO: Generated 2 contigs
[2026-03-18 16:22:10] INFO: Added 0 scaffold connections
[2026-03-18 16:22:10] INFO: >>>STAGE: polishing
[2026-03-18 16:22:10] INFO: Polishing genome (1/1)
[2026-03-18 16:22:10] INFO: Running minimap2
[2026-03-18 16:22:27] INFO: Separating alignment into bubbles
[2026-03-18 16:23:00] INFO: Alignment error rate: 0.052820
[2026-03-18 16:23:00] INFO: Correcting bubbles
0% 10% 20% 30% 40% 50% 60% 70% 80% 90% 100% 
[2026-03-18 16:23:01] INFO: >>>STAGE: finalize
[2026-03-18 16:23:01] INFO: Assembly statistics:

	Total length:	91713
	Fragments:	2
	Fragments N50:	47428
	Largest frg:	47428
	Scaffolds:	0
	Mean coverage:	422

[2026-03-18 16:23:01] INFO: Final assembly: /sciclone/home/selannan/SUPERCOMPUTING/assignments/assignment_06/assemblies/assembly_local/assembly.fasta
