[2026-03-18 16:17:27] INFO: Starting Flye 2.9.6-b1802
[2026-03-18 16:17:27] INFO: >>>STAGE: configure
[2026-03-18 16:17:27] INFO: Configuring run
[2026-03-18 16:17:29] INFO: Total read length: 52927180
[2026-03-18 16:17:29] INFO: Input genome size: 50000
[2026-03-18 16:17:29] INFO: Estimated coverage: 1058
[2026-03-18 16:17:29] WARNING: Expected read coverage is 1058, the assembly is not guaranteed to be optimal in this setting. Are you sure that the genome size was entered correctly?
[2026-03-18 16:17:29] INFO: Reads N50/N90: 505 / 254
[2026-03-18 16:17:29] INFO: Minimum overlap set to 1000
[2026-03-18 16:17:29] INFO: >>>STAGE: assembly
[2026-03-18 16:17:29] INFO: Assembling disjointigs
[2026-03-18 16:17:29] INFO: Reading sequences
[2026-03-18 16:17:30] INFO: Building minimizer index
[2026-03-18 16:17:30] INFO: Pre-calculating index storage
0% 10% 20% 30% 40% 50% 60% 70% 80% 90% 100% 
[2026-03-18 16:17:30] INFO: Filling index
0% 10% 20% 30% 40% 50% 60% 70% 80% 90% 100% 
[2026-03-18 16:17:31] INFO: Extending reads
[2026-03-18 16:17:38] INFO: Overlap-based coverage: 35
[2026-03-18 16:17:38] INFO: Median overlap divergence: 0.0745891
0% 50% 100% 
[2026-03-18 16:17:40] INFO: Assembled 2 disjointigs
[2026-03-18 16:17:40] INFO: Generating sequence
0% 10% 20% 30% 40% 50% 60% 70% 80% 90% 100% 
[2026-03-18 16:17:40] INFO: Filtering contained disjointigs
0% 50% 100% 
[2026-03-18 16:17:40] INFO: Contained seqs: 0
[2026-03-18 16:17:40] INFO: >>>STAGE: consensus
[2026-03-18 16:17:40] INFO: Running Minimap2
[2026-03-18 16:17:55] INFO: Computing consensus
[2026-03-18 16:18:19] INFO: Alignment error rate: 0.102191
[2026-03-18 16:18:20] INFO: >>>STAGE: repeat
[2026-03-18 16:18:20] INFO: Building and resolving repeat graph
[2026-03-18 16:18:20] INFO: Parsing disjointigs
[2026-03-18 16:18:20] INFO: Building repeat graph
0% 50% 100% 
[2026-03-18 16:18:20] INFO: Median overlap divergence: 0.0977502
[2026-03-18 16:18:20] INFO: Parsing reads
[2026-03-18 16:18:21] INFO: Aligning reads to the graph
0% 10% 20% 30% 40% 50% 60% 70% 80% 90% 100% 
[2026-03-18 16:18:21] INFO: Aligned read sequence: 5149694 / 8057872 (0.639089)
[2026-03-18 16:18:21] INFO: Median overlap divergence: 0.04
[2026-03-18 16:18:21] INFO: Mean edge coverage: 52
[2026-03-18 16:18:21] INFO: Simplifying the graph
[2026-03-18 16:18:21] INFO: >>>STAGE: contigger
[2026-03-18 16:18:21] INFO: Generating contigs
[2026-03-18 16:18:22] INFO: Reading sequences
[2026-03-18 16:18:23] INFO: Generated 2 contigs
[2026-03-18 16:18:23] INFO: Added 0 scaffold connections
[2026-03-18 16:18:23] INFO: >>>STAGE: polishing
[2026-03-18 16:18:23] INFO: Polishing genome (1/1)
[2026-03-18 16:18:23] INFO: Running minimap2
[2026-03-18 16:18:40] INFO: Separating alignment into bubbles
[2026-03-18 16:19:03] INFO: Alignment error rate: 0.052820
[2026-03-18 16:19:03] INFO: Correcting bubbles
0% 10% 20% 30% 40% 50% 60% 70% 80% 90% 100% 
[2026-03-18 16:19:04] INFO: >>>STAGE: finalize
[2026-03-18 16:19:04] INFO: Assembly statistics:

	Total length:	91713
	Fragments:	2
	Fragments N50:	47428
	Largest frg:	47428
	Scaffolds:	0
	Mean coverage:	422

[2026-03-18 16:19:04] INFO: Final assembly: /sciclone/home/selannan/SUPERCOMPUTING/assignments/assignment_06/assemblies/assembly_conda/assembly.fasta
